<?xml version="1.0" encoding="UTF-8"?>
<!-- Generated by org.testng.reporters.JUnitReportReporter -->
<testsuite hostname="DI-DENG" name="to8to_app.imgs.imgLibraies.TestClassAppNg" tests="5" failures="0" timestamp="14 Aug 2018 11:26:13 GMT" time="23.482" errors="0">
  <testcase name="BtnStay" time="8.063" classname="to8to_app.imgs.imgLibraies.TestClassAppNg"/>
  <testcase name="indexBanner" time="0.001" classname="to8to_app.imgs.imgLibraies.TestClassAppNg"/>
  <testcase name="startggdate" time="3.592" classname="to8to_app.imgs.imgLibraies.TestClassAppNg"/>
  <testcase name="clickSetting" time="5.168" classname="to8to_app.imgs.imgLibraies.TestClassAppNg"/>
  <testcase name="loginContact" time="6.658" classname="to8to_app.imgs.imgLibraies.TestClassAppNg"/>
</testsuite> <!-- to8to_app.imgs.imgLibraies.TestClassAppNg -->
