<?xml version="1.0" encoding="UTF-8"?>
<!-- Generated by org.testng.reporters.JUnitReportReporter -->
<testsuite hostname="DI-DENG" name="to8to_app.imgs.imgLibraies.TestClassAppNg" tests="5" failures="0" timestamp="16 Aug 2018 12:02:08 GMT" time="43.063" errors="0">
  <testcase name="loginContact" time="20.216" classname="to8to_app.imgs.imgLibraies.TestClassAppNg"/>
  <testcase name="startggdate" time="4.046" classname="to8to_app.imgs.imgLibraies.TestClassAppNg"/>
  <testcase name="BtnStay" time="11.389" classname="to8to_app.imgs.imgLibraies.TestClassAppNg"/>
  <testcase name="indexBanner" time="0.001" classname="to8to_app.imgs.imgLibraies.TestClassAppNg"/>
  <testcase name="clickSetting" time="7.411" classname="to8to_app.imgs.imgLibraies.TestClassAppNg"/>
</testsuite> <!-- to8to_app.imgs.imgLibraies.TestClassAppNg -->
